<?xml version="1.0" encoding="UTF-8"?>
<!-- Generated by org.testng.reporters.JUnitReportReporter -->
<testsuite hostname="QA_Arun_DNS" failures="0" tests="4" name="com.tests.LoginTest" time="38.546" errors="0" timestamp="2024-05-14T12:55:23 IST" skipped="0">
  <testcase classname="com.tests.LoginTest" name="VerifyloginButtonDisplaying" time="1.782"/>
  <testcase classname="com.tests.LoginTest" name="PressloginButtonWithoutEnterCredentials" time="3.458"/>
  <testcase classname="com.tests.LoginTest" name="loginWithValidDatas" time="3.276"/>
  <testcase classname="com.tests.LoginTest" name="loginExcel" time="30.030"/>
</testsuite> <!-- com.tests.LoginTest -->
