<?xml version="1.0" encoding="UTF-8"?>
<!-- Generated by org.testng.reporters.JUnitReportReporter -->
<testsuite hostname="QA_Arun_DNS" failures="0" tests="4" name="com.tests.HomeTest" time="16.041" errors="0" timestamp="2024-05-06T19:51:05 IST" skipped="0">
  <testcase classname="com.tests.HomeTest" name="Verify_Applogo" time="2.400"/>
  <testcase classname="com.tests.HomeTest" name="Veryfy_Menu_icon" time="2.423"/>
  <testcase classname="com.tests.HomeTest" name="Veryfy_SideMenu_open" time="4.701"/>
  <testcase classname="com.tests.HomeTest" name="Veryfy_SideMenu_close" time="6.517"/>
</testsuite> <!-- com.tests.HomeTest -->
