<?xml version="1.0" encoding="UTF-8"?>
<!-- Generated by org.testng.reporters.JUnitReportReporter -->
<testsuite hostname="QA_Arun_DNS" failures="0" tests="10" name="com.tests.HomeTest" time="45.355" errors="0" timestamp="2024-11-26T18:32:02 IST" skipped="0">
  <testcase classname="com.tests.HomeTest" name="Verify_Products_Title" time="3.913"/>
  <testcase classname="com.tests.HomeTest" name="Verify_Sort_Option" time="3.946"/>
  <testcase classname="com.tests.HomeTest" name="Veryfy_SideMenu_open" time="4.817"/>
  <testcase classname="com.tests.HomeTest" name="Veryfy_SideMenu_close" time="7.173"/>
  <testcase classname="com.tests.HomeTest" name="Verify_Inventory_Items_Container" time="5.813"/>
  <testcase classname="com.tests.HomeTest" name="Verify_Items_Price_Sort_High_To_Low" time="3.207"/>
  <testcase classname="com.tests.HomeTest" name="Verify_Items_Price_Sort_Low_To_High" time="3.201"/>
  <testcase classname="com.tests.HomeTest" name="Verify_Items_Name_Order_Acending" time="3.129"/>
  <testcase classname="com.tests.HomeTest" name="Verify_Items_Name_Order_Decending" time="3.306"/>
  <testcase classname="com.tests.HomeTest" name="Verify_cart_Icon_Present_or_Not" time="6.850"/>
</testsuite> <!-- com.tests.HomeTest -->
