<?xml version="1.0" encoding="UTF-8"?>
<!-- Generated by org.testng.reporters.JUnitReportReporter -->
<testsuite hostname="QA_Arun_DNS" failures="0" tests="1" name="com.tests.LoginTest" time="4.050" errors="0" timestamp="2024-07-14T20:06:53 IST" skipped="0">
  <testcase classname="com.tests.LoginTest" name="PressloginButtonWithValidUserNameInvalidPasswordAlert" time="4.050"/>
</testsuite> <!-- com.tests.LoginTest -->
