<?xml version="1.0" encoding="UTF-8"?>
<!-- Generated by org.testng.reporters.JUnitReportReporter -->
<testsuite hostname="QA_Arun_DNS" failures="0" tests="4" name="com.tests.LoginTest" time="37.885" errors="0" timestamp="2024-05-06T19:51:05 IST" skipped="0">
  <testcase classname="com.tests.LoginTest" name="VerifyloginButtonDisplaying" time="2.201"/>
  <testcase classname="com.tests.LoginTest" name="PressloginButtonWithoutEnterCredentials" time="1.849"/>
  <testcase classname="com.tests.LoginTest" name="loginWithValidDatas" time="3.239"/>
  <testcase classname="com.tests.LoginTest" name="loginExcel" time="30.596"/>
</testsuite> <!-- com.tests.LoginTest -->
