<?xml version="1.0" encoding="UTF-8"?>
<!-- Generated by org.testng.reporters.JUnitReportReporter -->
<testsuite hostname="QA_Arun_DNS" failures="0" tests="13" name="com.tests.LoginTest" time="71.796" errors="0" timestamp="2024-11-26T18:32:02 IST" skipped="0">
  <testcase classname="com.tests.LoginTest" name="Verify_loginButton_Displaying" time="1.782"/>
  <testcase classname="com.tests.LoginTest" name="UsernameField_Displaying" time="1.913"/>
  <testcase classname="com.tests.LoginTest" name="PasswordField_Displaying" time="1.815"/>
  <testcase classname="com.tests.LoginTest" name="login_With_Valid_Credentials" time="4.060"/>
  <testcase classname="com.tests.LoginTest" name="login_With_Invalid_Credentials" time="3.383"/>
  <testcase classname="com.tests.LoginTest" name="Login_With_Invalid_UserName_And_Valid_Password" time="3.270"/>
  <testcase classname="com.tests.LoginTest" name="Login_With_ValidUserName_And_Invalid_Password" time="3.294"/>
  <testcase classname="com.tests.LoginTest" name="Press_login_Button_Without_Enter_Credentials_Alert" time="1.987"/>
  <testcase classname="com.tests.LoginTest" name="Press_login_Button_Without_UserName_With_Password_Alert" time="2.266"/>
  <testcase classname="com.tests.LoginTest" name="Press_login_Button_With_UserName_Without_Password_Alert" time="2.115"/>
  <testcase classname="com.tests.LoginTest" name="Press_login_Button_With_Invalid_UserName_Invalid_Password_Alert" time="4.634"/>
  <testcase classname="com.tests.LoginTest" name="Verify_LogOut_Button" time="9.531"/>
  <testcase classname="com.tests.LoginTest" name="login_With_Excel_Credentials" time="31.746"/>
</testsuite> <!-- com.tests.LoginTest -->
