<?xml version="1.0" encoding="UTF-8"?>
<!-- Generated by org.testng.reporters.JUnitReportReporter -->
<testsuite hostname="QA_Arun_DNS" failures="0" tests="4" name="com.tests.HomeTest" time="19.649" errors="0" timestamp="2024-07-14T19:53:21 IST" skipped="0">
  <testcase classname="com.tests.HomeTest" name="Verify_Applogo" time="2.735"/>
  <testcase classname="com.tests.HomeTest" name="Veryfy_SideMenu_open" time="4.242"/>
  <testcase classname="com.tests.HomeTest" name="Veryfy_SideMenu_close" time="6.570"/>
  <testcase classname="com.tests.HomeTest" name="Verify_Inventory_Items_Container" time="6.102"/>
</testsuite> <!-- com.tests.HomeTest -->
