<?xml version="1.0" encoding="UTF-8"?>
<!-- Generated by org.testng.reporters.JUnitReportReporter -->
<testsuite hostname="QA_Arun_DNS" failures="0" tests="4" name="com.tests.HomeTest" time="15.346" errors="0" timestamp="2024-05-14T12:55:23 IST" skipped="0">
  <testcase classname="com.tests.HomeTest" name="Verify_Applogo" time="2.378"/>
  <testcase classname="com.tests.HomeTest" name="Veryfy_Menu_icon" time="2.262"/>
  <testcase classname="com.tests.HomeTest" name="Veryfy_SideMenu_open" time="4.336"/>
  <testcase classname="com.tests.HomeTest" name="Veryfy_SideMenu_close" time="6.370"/>
</testsuite> <!-- com.tests.HomeTest -->
