<?xml version="1.0" encoding="UTF-8"?>
<!-- Generated by org.testng.reporters.JUnitReportReporter -->
<testsuite hostname="QA_Arun_DNS" failures="0" tests="13" name="com.tests.LoginTest" time="61.454" errors="0" timestamp="2024-09-25T17:09:49 IST" skipped="0">
  <testcase classname="com.tests.LoginTest" name="VerifyloginButtonDisplaying" time="1.541"/>
  <testcase classname="com.tests.LoginTest" name="UsernameFieldsDisplaying" time="1.482"/>
  <testcase classname="com.tests.LoginTest" name="PasswordFieldsDisplaying" time="1.316"/>
  <testcase classname="com.tests.LoginTest" name="loginWithValidCredentials" time="3.071"/>
  <testcase classname="com.tests.LoginTest" name="loginWithInvalidCredentials" time="2.910"/>
  <testcase classname="com.tests.LoginTest" name="LoginWithInvalidUserNameAndValidPassword" time="2.746"/>
  <testcase classname="com.tests.LoginTest" name="LoginWithValidUserNameAndInvalidPassword" time="2.704"/>
  <testcase classname="com.tests.LoginTest" name="PressloginButtonWithoutEnterCredentialsAlert" time="1.453"/>
  <testcase classname="com.tests.LoginTest" name="PressloginButtonWithoutUserNameWithPasswordAlert" time="1.586"/>
  <testcase classname="com.tests.LoginTest" name="PressloginButtonWithUserNameWithoutPasswordAlert" time="1.643"/>
  <testcase classname="com.tests.LoginTest" name="PressloginButtonWithInvalidUserNameInvalidPasswordAlert" time="1.896"/>
  <testcase classname="com.tests.LoginTest" name="LogOutCheck" time="9.675"/>
  <testcase classname="com.tests.LoginTest" name="loginExcel" time="29.431"/>
</testsuite> <!-- com.tests.LoginTest -->
