<?xml version="1.0" encoding="UTF-8"?>
<!-- Generated by org.testng.reporters.JUnitReportReporter -->
<testsuite hostname="QA_Arun_DNS" failures="0" tests="5" name="com.tests.HomeTest" time="22.440" errors="0" timestamp="2024-09-25T17:09:49 IST" skipped="0">
  <testcase classname="com.tests.HomeTest" name="Verify_Products_Title" time="3.241"/>
  <testcase classname="com.tests.HomeTest" name="Verify_Sort_Option" time="3.350"/>
  <testcase classname="com.tests.HomeTest" name="Veryfy_SideMenu_open" time="4.191"/>
  <testcase classname="com.tests.HomeTest" name="Veryfy_SideMenu_close" time="6.292"/>
  <testcase classname="com.tests.HomeTest" name="Verify_Inventory_Items_Container" time="5.366"/>
</testsuite> <!-- com.tests.HomeTest -->
