<?xml version="1.0" encoding="UTF-8"?>
<!-- Generated by org.testng.reporters.JUnitReportReporter -->
<testsuite hostname="QA_Arun_DNS" failures="0" tests="1" name="com.tests.Website" time="6.305" errors="0" timestamp="2024-04-17T15:47:36 IST" skipped="0">
  <testcase classname="com.tests.Website" name="loginButtonDisplay" time="6.305"/>
</testsuite> <!-- com.tests.Website -->
