<?xml version="1.0" encoding="UTF-8"?>
<!-- Generated by org.testng.reporters.JUnitReportReporter -->
<testsuite hostname="QA_Arun_DNS" failures="0" tests="4" name="com.tests.HomeTest" time="26.704" errors="0" timestamp="2024-04-23T12:02:31 IST" skipped="0">
  <testcase classname="com.tests.HomeTest" name="Verify_Applogo" time="6.883"/>
  <testcase classname="com.tests.HomeTest" name="Veryfy_Menu_icon" time="4.669"/>
  <testcase classname="com.tests.HomeTest" name="Veryfy_SideMenu_open" time="6.655"/>
  <testcase classname="com.tests.HomeTest" name="Veryfy_SideMenu_close" time="8.497"/>
</testsuite> <!-- com.tests.HomeTest -->
