<?xml version="1.0" encoding="UTF-8"?>
<!-- Generated by org.testng.reporters.JUnitReportReporter -->
<testsuite hostname="QA_Arun_DNS" failures="0" tests="3" name="com.tests.LoginTest" time="11.206" errors="0" timestamp="2024-04-23T12:02:31 IST" skipped="0">
  <testcase classname="com.tests.LoginTest" name="VerifyloginButtonDisplaying" time="3.350"/>
  <testcase classname="com.tests.LoginTest" name="PressloginButtonWithoutEnterCredentials" time="3.481"/>
  <testcase classname="com.tests.LoginTest" name="loginWithValidCredentials" time="4.375"/>
</testsuite> <!-- com.tests.LoginTest -->
